000 (3255.000.000) 2025-11-29 04:41:22 Job submitted from host: <128.105.76.6:9618?addrs=128.105.76.6-9618+[2607-f388-2200-100-216-3eff-fe63-f8a5]-9618&alias=learn.chtc.wisc.edu&noUDP&sock=schedd_6771_ebd9>
...
000 (3255.001.000) 2025-11-29 04:41:22 Job submitted from host: <128.105.76.6:9618?addrs=128.105.76.6-9618+[2607-f388-2200-100-216-3eff-fe63-f8a5]-9618&alias=learn.chtc.wisc.edu&noUDP&sock=schedd_6771_ebd9>
...
000 (3255.002.000) 2025-11-29 04:41:22 Job submitted from host: <128.105.76.6:9618?addrs=128.105.76.6-9618+[2607-f388-2200-100-216-3eff-fe63-f8a5]-9618&alias=learn.chtc.wisc.edu&noUDP&sock=schedd_6771_ebd9>
...
000 (3255.003.000) 2025-11-29 04:41:22 Job submitted from host: <128.105.76.6:9618?addrs=128.105.76.6-9618+[2607-f388-2200-100-216-3eff-fe63-f8a5]-9618&alias=learn.chtc.wisc.edu&noUDP&sock=schedd_6771_ebd9>
...
000 (3255.004.000) 2025-11-29 04:41:22 Job submitted from host: <128.105.76.6:9618?addrs=128.105.76.6-9618+[2607-f388-2200-100-216-3eff-fe63-f8a5]-9618&alias=learn.chtc.wisc.edu&noUDP&sock=schedd_6771_ebd9>
...
040 (3255.000.000) 2025-11-29 04:41:29 Started transferring input files
	Transferring to host: <128.105.69.233:9618?addrs=128.105.69.233-9618+[2607-f388-2200-100-eaeb-d3ff-fe40-109c]-9618&alias=e2616.chtc.wisc.edu&noUDP&sock=slot1_46_2170747_62ea_24654>
...
040 (3255.004.000) 2025-11-29 04:41:29 Started transferring input files
	Transferring to host: <128.105.69.231:9618?addrs=128.105.69.231-9618+[2607-f388-2200-100-eaeb-d3ff-fe3f-fbfc]-9618&alias=e2614.chtc.wisc.edu&noUDP&sock=slot1_63_2144770_3d69_19666>
...
040 (3255.003.000) 2025-11-29 04:41:29 Started transferring input files
	Transferring to host: <128.105.69.238:9618?addrs=128.105.69.238-9618+[2607-f388-2200-100-eaeb-d3ff-fe40-1ef4]-9618&alias=e2621.chtc.wisc.edu&noUDP&sock=slot1_122_95939_7456_18066>
...
040 (3255.002.000) 2025-11-29 04:41:29 Started transferring input files
	Transferring to host: <128.105.68.155:9618?addrs=128.105.68.155-9618+[2607-f388-2200-100-b226-28ff-fe50-5c14]-9618&alias=e2014.chtc.wisc.edu&noUDP&sock=slot1_30_3867947_5282_18884>
...
040 (3255.001.000) 2025-11-29 04:41:29 Started transferring input files
	Transferring to host: <128.105.68.157:9618?addrs=128.105.68.157-9618+[2607-f388-2200-100-b226-28ff-fe50-2c68]-9618&alias=e2016.chtc.wisc.edu&noUDP&sock=slot1_29_2009723_6956_14164>
...
040 (3255.001.000) 2025-11-29 04:41:32 Finished transferring input files
...
001 (3255.001.000) 2025-11-29 04:41:33 Job executing on host: <128.105.68.157:9618?addrs=128.105.68.157-9618+[2607-f388-2200-100-b226-28ff-fe50-2c68]-9618&alias=e2016.chtc.wisc.edu&noUDP&sock=startd_9315_e4c8>
	SlotName: slot1_29@e2016.chtc.wisc.edu
	CondorScratchDir = "/var/lib/condor/execute/slot1/dir_1740969/scratch"
	Cpus = 1
	Disk = 1638400
	GPUs = 0
	IoHeavy = 0
	Memory = 384
...
040 (3255.004.000) 2025-11-29 04:41:33 Finished transferring input files
...
001 (3255.004.000) 2025-11-29 04:41:34 Job executing on host: <128.105.69.231:9618?addrs=128.105.69.231-9618+[2607-f388-2200-100-eaeb-d3ff-fe3f-fbfc]-9618&alias=e2614.chtc.wisc.edu&noUDP&sock=startd_14141_20d6>
	SlotName: slot1_63@e2614.chtc.wisc.edu
	CondorScratchDir = "/var/lib/condor/execute/slot1/dir_2908747/scratch"
	Cpus = 1
	Disk = 1638400
	GPUs = 0
	IoHeavy = 0
	Memory = 384
...
040 (3255.000.000) 2025-11-29 04:41:34 Finished transferring input files
...
001 (3255.000.000) 2025-11-29 04:41:35 Job executing on host: <128.105.69.233:9618?addrs=128.105.69.233-9618+[2607-f388-2200-100-eaeb-d3ff-fe40-109c]-9618&alias=e2616.chtc.wisc.edu&noUDP&sock=startd_14572_c228>
	SlotName: slot1_46@e2616.chtc.wisc.edu
	CondorScratchDir = "/var/lib/condor/execute/slot1/dir_734837/scratch"
	Cpus = 1
	Disk = 1638400
	GPUs = 0
	IoHeavy = 0
	Memory = 266
...
040 (3255.002.000) 2025-11-29 04:41:37 Finished transferring input files
...
001 (3255.002.000) 2025-11-29 04:41:38 Job executing on host: <128.105.68.155:9618?addrs=128.105.68.155-9618+[2607-f388-2200-100-b226-28ff-fe50-5c14]-9618&alias=e2014.chtc.wisc.edu&noUDP&sock=startd_9440_a21f>
	SlotName: slot1_30@e2014.chtc.wisc.edu
	CondorScratchDir = "/var/lib/condor/execute/slot1/dir_4011401/scratch"
	Cpus = 1
	Disk = 1638400
	GPUs = 0
	IoHeavy = 0
	Memory = 384
...
006 (3255.001.000) 2025-11-29 04:41:42 Image size of job updated: 87148
	86  -  MemoryUsage of job (MB)
	87148  -  ResidentSetSize of job (KB)
...
040 (3255.003.000) 2025-11-29 04:41:43 Finished transferring input files
...
006 (3255.004.000) 2025-11-29 04:41:43 Image size of job updated: 72260
	71  -  MemoryUsage of job (MB)
	72260  -  ResidentSetSize of job (KB)
...
001 (3255.003.000) 2025-11-29 04:41:44 Job executing on host: <128.105.69.238:9618?addrs=128.105.69.238-9618+[2607-f388-2200-100-eaeb-d3ff-fe40-1ef4]-9618&alias=e2621.chtc.wisc.edu&noUDP&sock=startd_14628_2b76>
	SlotName: slot1_122@e2621.chtc.wisc.edu
	CondorScratchDir = "/var/lib/condor/execute/slot1/dir_3997267/scratch"
	Cpus = 1
	Disk = 1638400
	GPUs = 0
	IoHeavy = 0
	Memory = 384
...
006 (3255.000.000) 2025-11-29 04:41:44 Image size of job updated: 25256
	25  -  MemoryUsage of job (MB)
	25256  -  ResidentSetSize of job (KB)
...
006 (3255.002.000) 2025-11-29 04:41:46 Image size of job updated: 62384
	61  -  MemoryUsage of job (MB)
	62384  -  ResidentSetSize of job (KB)
...
006 (3255.003.000) 2025-11-29 04:41:53 Image size of job updated: 24752
	25  -  MemoryUsage of job (MB)
	24752  -  ResidentSetSize of job (KB)
...
006 (3255.001.000) 2025-11-29 04:46:43 Image size of job updated: 122936
	121  -  MemoryUsage of job (MB)
	122936  -  ResidentSetSize of job (KB)
...
006 (3255.004.000) 2025-11-29 04:46:44 Image size of job updated: 131144
	127  -  MemoryUsage of job (MB)
	129692  -  ResidentSetSize of job (KB)
...
006 (3255.000.000) 2025-11-29 04:46:44 Image size of job updated: 131588
	128  -  MemoryUsage of job (MB)
	130320  -  ResidentSetSize of job (KB)
...
006 (3255.002.000) 2025-11-29 04:46:46 Image size of job updated: 124540
	120  -  MemoryUsage of job (MB)
	122756  -  ResidentSetSize of job (KB)
...
006 (3255.003.000) 2025-11-29 04:46:53 Image size of job updated: 130272
	126  -  MemoryUsage of job (MB)
	128764  -  ResidentSetSize of job (KB)
...
006 (3255.004.000) 2025-11-29 04:51:44 Image size of job updated: 131144
	127  -  MemoryUsage of job (MB)
	130040  -  ResidentSetSize of job (KB)
...
006 (3255.000.000) 2025-11-29 04:51:45 Image size of job updated: 131588
	128  -  MemoryUsage of job (MB)
	130516  -  ResidentSetSize of job (KB)
...
006 (3255.002.000) 2025-11-29 04:51:47 Image size of job updated: 124564
	122  -  MemoryUsage of job (MB)
	124564  -  ResidentSetSize of job (KB)
...
006 (3255.004.000) 2025-11-29 04:56:44 Image size of job updated: 131144
	128  -  MemoryUsage of job (MB)
	130096  -  ResidentSetSize of job (KB)
...
006 (3255.002.000) 2025-11-29 04:56:47 Image size of job updated: 124656
	122  -  MemoryUsage of job (MB)
	124656  -  ResidentSetSize of job (KB)
...
006 (3255.001.000) 2025-11-29 05:01:45 Image size of job updated: 123068
	121  -  MemoryUsage of job (MB)
	123068  -  ResidentSetSize of job (KB)
...
006 (3255.004.000) 2025-11-29 05:01:45 Image size of job updated: 131144
	128  -  MemoryUsage of job (MB)
	130100  -  ResidentSetSize of job (KB)
...
006 (3255.002.000) 2025-11-29 05:01:48 Image size of job updated: 124668
	122  -  MemoryUsage of job (MB)
	124668  -  ResidentSetSize of job (KB)
...
006 (3255.003.000) 2025-11-29 05:01:55 Image size of job updated: 130272
	127  -  MemoryUsage of job (MB)
	129044  -  ResidentSetSize of job (KB)
...
040 (3255.000.000) 2025-11-29 05:05:58 Started transferring output files
...
040 (3255.000.000) 2025-11-29 05:05:58 Finished transferring output files
...
005 (3255.000.000) 2025-11-29 05:05:59 Job terminated.
	(1) Normal termination (return value 0)
		Usr 0 00:23:37, Sys 0 00:00:06  -  Run Remote Usage
		Usr 0 00:00:00, Sys 0 00:00:00  -  Run Local Usage
		Usr 0 00:23:37, Sys 0 00:00:06  -  Total Remote Usage
		Usr 0 00:00:00, Sys 0 00:00:00  -  Total Local Usage
	95347  -  Run Bytes Sent By Job
	796952496  -  Run Bytes Received By Job
	95347  -  Total Bytes Sent By Job
	796952496  -  Total Bytes Received By Job
	Partitionable Resources :      Usage  Request Allocated 
	   Cpus                 :       0.98        1         1 
	   Disk (KB)            : 1009016     1638400   1638400 
	   GPUs                 :                             0 
	   IoHeavy              :                             0 
	   Memory (MB)          :     128         266       266 
	   TimeExecute (s)      :    1463                       
	   TimeSlotBusy (s)     :    1469                       
...
040 (3255.001.000) 2025-11-29 05:06:35 Started transferring output files
...
040 (3255.001.000) 2025-11-29 05:06:35 Finished transferring output files
...
005 (3255.001.000) 2025-11-29 05:06:36 Job terminated.
	(1) Normal termination (return value 0)
		Usr 0 00:24:46, Sys 0 00:00:03  -  Run Remote Usage
		Usr 0 00:00:00, Sys 0 00:00:00  -  Run Local Usage
		Usr 0 00:24:46, Sys 0 00:00:03  -  Total Remote Usage
		Usr 0 00:00:00, Sys 0 00:00:00  -  Total Local Usage
	95254  -  Run Bytes Sent By Job
	796952496  -  Run Bytes Received By Job
	95254  -  Total Bytes Sent By Job
	796952496  -  Total Bytes Received By Job
	Partitionable Resources :      Usage  Request Allocated 
	   Cpus                 :       0.99        1         1 
	   Disk (KB)            : 1010544     1638400   1638400 
	   GPUs                 :                             0 
	   IoHeavy              :                             0 
	   Memory (MB)          :     121         266       384 
	   TimeExecute (s)      :    1502                       
	   TimeSlotBusy (s)     :    1506                       
...
006 (3255.004.000) 2025-11-29 05:06:46 Image size of job updated: 131144
	128  -  MemoryUsage of job (MB)
	130248  -  ResidentSetSize of job (KB)
...
006 (3255.003.000) 2025-11-29 05:06:55 Image size of job updated: 130272
	127  -  MemoryUsage of job (MB)
	129212  -  ResidentSetSize of job (KB)
...
040 (3255.004.000) 2025-11-29 05:08:04 Started transferring output files
...
040 (3255.004.000) 2025-11-29 05:08:04 Finished transferring output files
...
005 (3255.004.000) 2025-11-29 05:08:04 Job terminated.
	(1) Normal termination (return value 0)
		Usr 0 00:25:51, Sys 0 00:00:06  -  Run Remote Usage
		Usr 0 00:00:00, Sys 0 00:00:00  -  Run Local Usage
		Usr 0 00:25:51, Sys 0 00:00:06  -  Total Remote Usage
		Usr 0 00:00:00, Sys 0 00:00:00  -  Total Local Usage
	96307  -  Run Bytes Sent By Job
	796952496  -  Run Bytes Received By Job
	96307  -  Total Bytes Sent By Job
	796952496  -  Total Bytes Received By Job
	Partitionable Resources :      Usage  Request Allocated 
	   Cpus                 :       0.99        1         1 
	   Disk (KB)            : 1008885     1638400   1638400 
	   GPUs                 :                             0 
	   IoHeavy              :                             0 
	   Memory (MB)          :     128         266       384 
	   TimeExecute (s)      :    1590                       
	   TimeSlotBusy (s)     :    1595                       
...
040 (3255.003.000) 2025-11-29 05:09:56 Started transferring output files
...
040 (3255.003.000) 2025-11-29 05:09:56 Finished transferring output files
...
005 (3255.003.000) 2025-11-29 05:09:57 Job terminated.
	(1) Normal termination (return value 0)
		Usr 0 00:27:26, Sys 0 00:00:11  -  Run Remote Usage
		Usr 0 00:00:00, Sys 0 00:00:00  -  Run Local Usage
		Usr 0 00:27:26, Sys 0 00:00:11  -  Total Remote Usage
		Usr 0 00:00:00, Sys 0 00:00:00  -  Total Local Usage
	95199  -  Run Bytes Sent By Job
	796952496  -  Run Bytes Received By Job
	95199  -  Total Bytes Sent By Job
	796952496  -  Total Bytes Received By Job
	Partitionable Resources :      Usage  Request Allocated 
	   Cpus                 :       0.99        1         1 
	   Disk (KB)            : 1009019     1638400   1638400 
	   GPUs                 :                             0 
	   IoHeavy              :                             0 
	   Memory (MB)          :     127         266       384 
	   TimeExecute (s)      :    1692                       
	   TimeSlotBusy (s)     :    1708                       
...
040 (3255.002.000) 2025-11-29 05:14:50 Started transferring output files
...
040 (3255.002.000) 2025-11-29 05:14:50 Finished transferring output files
...
005 (3255.002.000) 2025-11-29 05:14:51 Job terminated.
	(1) Normal termination (return value 0)
		Usr 0 00:32:50, Sys 0 00:00:03  -  Run Remote Usage
		Usr 0 00:00:00, Sys 0 00:00:00  -  Run Local Usage
		Usr 0 00:32:50, Sys 0 00:00:03  -  Total Remote Usage
		Usr 0 00:00:00, Sys 0 00:00:00  -  Total Local Usage
	97342  -  Run Bytes Sent By Job
	796952496  -  Run Bytes Received By Job
	97342  -  Total Bytes Sent By Job
	796952496  -  Total Bytes Received By Job
	Partitionable Resources :      Usage  Request Allocated 
	   Cpus                 :       0.99        1         1 
	   Disk (KB)            : 1010528     1638400   1638400 
	   GPUs                 :                             0 
	   IoHeavy              :                             0 
	   Memory (MB)          :     122         266       384 
	   TimeExecute (s)      :    1992                       
	   TimeSlotBusy (s)     :    2001                       
...
